f:\c\remote_control\study_project\remotectrl\remotectrl\release\remotectrl.pch
f:\c\remote_control\study_project\remotectrl\remotectrl\release\vc142.pdb
f:\c\remote_control\study_project\remotectrl\remotectrl\release\pch.obj
f:\c\remote_control\study_project\remotectrl\remotectrl\release\serversocket.obj
f:\c\remote_control\study_project\remotectrl\remotectrl\release\remotectrl.obj
f:\c\remote_control\study_project\remotectrl\remotectrl\release\lockinfodialog.obj
f:\c\remote_control\study_project\remotectrl\release\remotectrl.exe
f:\c\remote_control\study_project\remotectrl\remotectrl\release\remotectrl.ipdb
f:\c\remote_control\study_project\remotectrl\remotectrl\release\remotectrl.iobj
f:\c\remote_control\study_project\remotectrl\release\remotectrl.pdb
f:\c\remote_control\study_project\remotectrl\remotectrl\release\remotectrl.res
f:\c\remote_control\study_project\remotectrl\remotectrl\release\remotectrl.tlog\cl.command.1.tlog
f:\c\remote_control\study_project\remotectrl\remotectrl\release\remotectrl.tlog\cl.read.1.tlog
f:\c\remote_control\study_project\remotectrl\remotectrl\release\remotectrl.tlog\cl.write.1.tlog
f:\c\remote_control\study_project\remotectrl\remotectrl\release\remotectrl.tlog\link.command.1.tlog
f:\c\remote_control\study_project\remotectrl\remotectrl\release\remotectrl.tlog\link.read.1.tlog
f:\c\remote_control\study_project\remotectrl\remotectrl\release\remotectrl.tlog\link.write.1.tlog
f:\c\remote_control\study_project\remotectrl\remotectrl\release\remotectrl.tlog\rc.command.1.tlog
f:\c\remote_control\study_project\remotectrl\remotectrl\release\remotectrl.tlog\rc.read.1.tlog
f:\c\remote_control\study_project\remotectrl\remotectrl\release\remotectrl.tlog\rc.write.1.tlog
